[0m15:25:06.122732 [debug] [MainThread]: Sending event: {'category': 'dbt', 'action': 'invocation', 'label': 'start', 'context': [<snowplow_tracker.self_describing_json.SelfDescribingJson object at 0x7f8b8b9f6a70>, <snowplow_tracker.self_describing_json.SelfDescribingJson object at 0x7f8b8d09f820>, <snowplow_tracker.self_describing_json.SelfDescribingJson object at 0x7f8b8b27c130>]}


============================== 15:25:06.146744 | b2e5994b-07f3-4fb9-a6dd-324bb157bb62 ==============================
[0m15:25:06.146744 [info ] [MainThread]: Running with dbt=1.9.3
[0m15:25:06.150247 [debug] [MainThread]: running dbt with arguments {'printer_width': '80', 'indirect_selection': 'eager', 'log_cache_events': 'False', 'write_json': 'True', 'partial_parse': 'True', 'cache_selected_only': 'False', 'profiles_dir': '/root/.dbt', 'fail_fast': 'False', 'warn_error': 'None', 'log_path': 'logs', 'debug': 'False', 'version_check': 'True', 'use_colors': 'True', 'use_experimental_parser': 'False', 'empty': 'None', 'quiet': 'False', 'no_print': 'None', 'warn_error_options': 'WarnErrorOptions(include=[], exclude=[])', 'invocation_command': 'dbt init TennisATP', 'introspect': 'True', 'log_format': 'default', 'target_path': 'None', 'static_parser': 'True', 'send_anonymous_usage_stats': 'True'}
[0m15:25:06.194525 [warn ] [MainThread]: [ConfigFolderDirectory]: Unable to parse logging event dictionary. Failed to parse dir field: expected string or bytes-like object.. Dictionary: {'dir': PosixPath('/root/.dbt')}
[0m15:25:06.198788 [info ] [MainThread]: Creating dbt configuration folder at 
[0m15:25:06.207469 [debug] [MainThread]: Starter project path: /usr/local/lib/python3.10/site-packages/dbt/include/starter_project
[0m15:25:06.519991 [info ] [MainThread]: 
Your new dbt project "TennisATP" was created!

For more information on how to configure the profiles.yml file,
please consult the dbt documentation here:

  https://docs.getdbt.com/docs/configure-your-profile

One more thing:

Need help? Don't hesitate to reach out to us via GitHub issues or on Slack:

  https://community.getdbt.com/

Happy modeling!

[0m15:25:06.528122 [info ] [MainThread]: Setting up your profile.
[0m15:25:11.035226 [info ] [MainThread]: Profile TennisATP written to /root/.dbt/profiles.yml using target's sample configuration. Once updated, you'll be able to start developing with dbt.
[0m15:25:11.039542 [debug] [MainThread]: Resource report: {"command_name": "init", "command_success": true, "command_wall_clock_time": 5.094971, "process_in_blocks": "0", "process_kernel_time": 0.668164, "process_mem_max_rss": "113980", "process_out_blocks": "1048", "process_user_time": 3.340822}
[0m15:25:11.041998 [debug] [MainThread]: Command `dbt init` succeeded at 15:25:11.041620 after 5.10 seconds
[0m15:25:11.043984 [debug] [MainThread]: Sending event: {'category': 'dbt', 'action': 'invocation', 'label': 'end', 'context': [<snowplow_tracker.self_describing_json.SelfDescribingJson object at 0x7f8b8b9f6a70>, <snowplow_tracker.self_describing_json.SelfDescribingJson object at 0x7f8b8d09f820>, <snowplow_tracker.self_describing_json.SelfDescribingJson object at 0x7f8b8aa91f60>]}
[0m15:25:11.045827 [debug] [MainThread]: Flushing usage events
[0m15:25:11.410924 [debug] [MainThread]: An error was encountered while trying to flush usage events
